2025-11-14 13:12:04.959 [http-nio-8085-exec-1] INFO  c.s.l.controller.HomeController - READ operation: Fetching all laptops from database
2025-11-14 13:12:05.007 [http-nio-8085-exec-1] INFO  c.s.l.controller.HomeController - READ operation successful: Retrieved 4 laptops
2025-11-14 13:12:14.700 [http-nio-8085-exec-8] INFO  c.s.l.controller.HomeController - SEARCH operation: Searching for laptops with query: 'mac'
2025-11-14 13:12:14.727 [http-nio-8085-exec-8] INFO  c.s.l.controller.HomeController - SEARCH operation successful: Found 1 laptops matching 'mac'
2025-11-14 13:12:18.195 [http-nio-8085-exec-9] INFO  c.s.l.controller.HomeController - SEARCH operation: Searching for laptops with query: 'mac'
2025-11-14 13:12:18.195 [http-nio-8085-exec-9] INFO  c.s.l.controller.HomeController - SEARCH operation successful: Found 1 laptops matching 'mac'
2025-11-14 13:34:21.138 [http-nio-8085-exec-2] INFO  c.s.l.controller.HomeController - READ operation: Fetching all laptops from database
2025-11-14 13:34:21.187 [http-nio-8085-exec-2] INFO  c.s.l.controller.HomeController - READ operation successful: Retrieved 4 laptops
2025-11-14 13:38:44.908 [http-nio-8085-exec-3] INFO  c.s.l.controller.HomeController - READ operation: Fetching all laptops from database
2025-11-14 13:38:44.913 [http-nio-8085-exec-3] INFO  c.s.l.controller.HomeController - READ operation successful: Retrieved 4 laptops
2025-11-14 13:38:51.302 [http-nio-8085-exec-7] INFO  c.s.l.controller.HomeController - SEARCH operation: Searching for laptops with query: 'x'
2025-11-14 13:38:51.332 [http-nio-8085-exec-7] INFO  c.s.l.controller.HomeController - SEARCH operation successful: Found 2 laptops matching 'x'
2025-11-14 13:38:53.285 [http-nio-8085-exec-1] INFO  c.s.l.controller.HomeController - SEARCH operation: Searching for laptops with query: 'xp'
2025-11-14 13:38:53.290 [http-nio-8085-exec-1] INFO  c.s.l.controller.HomeController - SEARCH operation successful: Found 1 laptops matching 'xp'
2025-11-14 13:39:19.938 [http-nio-8085-exec-9] INFO  c.s.l.controller.HomeController - READ operation: Fetching all laptops from database
2025-11-14 13:39:19.941 [http-nio-8085-exec-9] INFO  c.s.l.controller.HomeController - READ operation successful: Retrieved 4 laptops
2025-11-14 13:40:29.573 [http-nio-8085-exec-2] INFO  c.s.l.controller.HomeController - READ operation: Fetching all laptops from database
2025-11-14 13:40:29.576 [http-nio-8085-exec-2] INFO  c.s.l.controller.HomeController - READ operation successful: Retrieved 4 laptops
2025-11-14 13:41:42.399 [http-nio-8085-exec-2] INFO  c.s.l.controller.HomeController - READ operation: Fetching all laptops from database
2025-11-14 13:41:42.402 [http-nio-8085-exec-2] INFO  c.s.l.controller.HomeController - READ operation successful: Retrieved 4 laptops
2025-11-14 13:45:16.175 [http-nio-8085-exec-1] INFO  c.s.l.controller.HomeController - READ operation: Fetching all laptops from database
2025-11-14 13:45:16.203 [http-nio-8085-exec-1] INFO  c.s.l.controller.HomeController - READ operation successful: Retrieved 4 laptops
2025-11-14 13:45:34.773 [http-nio-8085-exec-2] INFO  c.s.l.controller.HomeController - READ operation: Fetching all laptops from database
2025-11-14 13:45:34.776 [http-nio-8085-exec-2] INFO  c.s.l.controller.HomeController - READ operation successful: Retrieved 4 laptops
2025-11-14 13:45:36.046 [http-nio-8085-exec-8] INFO  c.s.l.controller.HomeController - READ operation: Fetching all laptops from database
2025-11-14 13:45:36.050 [http-nio-8085-exec-8] INFO  c.s.l.controller.HomeController - READ operation successful: Retrieved 4 laptops
2025-11-14 13:52:26.835 [http-nio-8085-exec-10] INFO  c.s.l.controller.HomeController - SEARCH operation: Searching for laptops with query: 'pavi'
2025-11-14 13:52:26.849 [http-nio-8085-exec-10] INFO  c.s.l.controller.HomeController - SEARCH operation successful: Found 1 laptops matching 'pavi'
2025-11-14 14:06:09.256 [http-nio-8085-exec-1] INFO  c.s.l.controller.HomeController - READ operation: Fetching all laptops from database
2025-11-14 14:06:09.299 [http-nio-8085-exec-1] INFO  c.s.l.controller.HomeController - READ operation successful: Retrieved 4 laptops
2025-11-14 14:06:16.650 [http-nio-8085-exec-7] INFO  c.s.l.controller.CartController - CART operation: Added laptop id 1 qty 1 to cart (sessionId=15AA64F402B19B4FF5E7B7D4650FF1D5)
2025-11-14 14:06:16.663 [http-nio-8085-exec-8] INFO  c.s.l.controller.HomeController - READ operation: Fetching all laptops from database
2025-11-14 14:06:16.666 [http-nio-8085-exec-8] INFO  c.s.l.controller.HomeController - READ operation successful: Retrieved 4 laptops
2025-11-14 14:06:48.106 [http-nio-8085-exec-4] INFO  c.s.l.controller.CartController - CART operation: Added laptop id 1 qty 1 to cart (sessionId=15AA64F402B19B4FF5E7B7D4650FF1D5)
2025-11-14 14:06:48.113 [http-nio-8085-exec-5] INFO  c.s.l.controller.HomeController - READ operation: Fetching all laptops from database
2025-11-14 14:06:48.118 [http-nio-8085-exec-5] INFO  c.s.l.controller.HomeController - READ operation successful: Retrieved 4 laptops
2025-11-14 14:08:16.618 [http-nio-8085-exec-4] INFO  c.s.l.controller.HomeController - SEARCH operation: Searching for laptops with query: 'chec'
2025-11-14 14:08:16.649 [http-nio-8085-exec-4] INFO  c.s.l.controller.HomeController - SEARCH operation successful: Found 0 laptops matching 'chec'
2025-11-14 14:11:21.786 [http-nio-8085-exec-1] INFO  c.s.l.controller.HomeController - READ operation: Fetching all laptops from database
2025-11-14 14:11:21.820 [http-nio-8085-exec-1] INFO  c.s.l.controller.HomeController - READ operation successful: Retrieved 4 laptops
2025-11-14 14:11:26.206 [http-nio-8085-exec-9] INFO  c.s.l.controller.CartController - CART operation: Added laptop id 1 qty 1 to cart (sessionId=B6B6D8F52D067B7063E78C6FBDA3B8F8)
2025-11-14 14:11:26.217 [http-nio-8085-exec-8] INFO  c.s.l.controller.HomeController - READ operation: Fetching all laptops from database
2025-11-14 14:11:26.220 [http-nio-8085-exec-8] INFO  c.s.l.controller.HomeController - READ operation successful: Retrieved 4 laptops
2025-11-14 14:11:38.416 [http-nio-8085-exec-9] INFO  c.s.l.controller.CartController - CART operation: Removed laptop id 1 from cart (sessionId=B6B6D8F52D067B7063E78C6FBDA3B8F8)
2025-11-14 14:15:09.792 [http-nio-8085-exec-4] INFO  c.s.l.controller.HomeController - READ operation: Fetching all laptops from database
2025-11-14 14:15:09.796 [http-nio-8085-exec-4] INFO  c.s.l.controller.HomeController - READ operation successful: Retrieved 4 laptops
2025-11-14 14:15:13.256 [http-nio-8085-exec-10] INFO  c.s.l.controller.CartController - CART operation: Added laptop id 2 qty 1 to cart (sessionId=B6B6D8F52D067B7063E78C6FBDA3B8F8)
2025-11-14 14:15:13.262 [http-nio-8085-exec-6] INFO  c.s.l.controller.HomeController - READ operation: Fetching all laptops from database
2025-11-14 14:15:13.265 [http-nio-8085-exec-6] INFO  c.s.l.controller.HomeController - READ operation successful: Retrieved 4 laptops
2025-11-14 14:15:14.038 [http-nio-8085-exec-7] INFO  c.s.l.controller.CartController - CART operation: Added laptop id 1 qty 1 to cart (sessionId=B6B6D8F52D067B7063E78C6FBDA3B8F8)
2025-11-14 14:15:14.044 [http-nio-8085-exec-9] INFO  c.s.l.controller.HomeController - READ operation: Fetching all laptops from database
2025-11-14 14:15:14.047 [http-nio-8085-exec-9] INFO  c.s.l.controller.HomeController - READ operation successful: Retrieved 4 laptops
2025-11-14 14:15:17.355 [http-nio-8085-exec-9] INFO  c.s.l.controller.CartController - CHECKOUT operation: Purchased 2 items totaling $2198.0 (sessionId=B6B6D8F52D067B7063E78C6FBDA3B8F8)
2025-11-14 14:15:17.361 [http-nio-8085-exec-10] INFO  c.s.l.controller.HomeController - READ operation: Fetching all laptops from database
2025-11-14 14:15:17.365 [http-nio-8085-exec-10] INFO  c.s.l.controller.HomeController - READ operation successful: Retrieved 4 laptops
2025-11-14 14:22:51.269 [http-nio-8085-exec-1] INFO  c.s.l.controller.HomeController - READ operation: Fetching all laptops from database
2025-11-14 14:22:51.301 [http-nio-8085-exec-1] INFO  c.s.l.controller.HomeController - READ operation successful: Retrieved 4 laptops
2025-11-14 14:22:58.311 [http-nio-8085-exec-6] INFO  c.s.l.controller.CartController - CART operation: Added laptop id 1 qty 1 to cart (sessionId=E002159B274A031BEF206CF198CE7B37)
2025-11-14 14:22:58.318 [http-nio-8085-exec-7] INFO  c.s.l.controller.HomeController - READ operation: Fetching all laptops from database
2025-11-14 14:22:58.322 [http-nio-8085-exec-7] INFO  c.s.l.controller.HomeController - READ operation successful: Retrieved 4 laptops
2025-11-14 14:23:00.438 [http-nio-8085-exec-2] INFO  c.s.l.controller.CartController - CART operation: Added laptop id 4 qty 1 to cart (sessionId=E002159B274A031BEF206CF198CE7B37)
2025-11-14 14:23:00.445 [http-nio-8085-exec-4] INFO  c.s.l.controller.HomeController - READ operation: Fetching all laptops from database
2025-11-14 14:23:00.450 [http-nio-8085-exec-4] INFO  c.s.l.controller.HomeController - READ operation successful: Retrieved 4 laptops
2025-11-14 14:23:50.039 [http-nio-8085-exec-6] INFO  c.s.l.controller.CartController - CHECKOUT operation: Purchased 2 items totaling $1848.0 (sessionId=E002159B274A031BEF206CF198CE7B37)
2025-11-14 14:23:50.040 [http-nio-8085-exec-6] INFO  c.s.l.controller.CartController - CHECKOUT details: name='yasas sanjaya', phone='01141442832', address='kolongolla monaragala', city='monaragala', postal=' 9600'
2025-11-14 14:23:50.046 [http-nio-8085-exec-7] INFO  c.s.l.controller.HomeController - READ operation: Fetching all laptops from database
2025-11-14 14:23:50.051 [http-nio-8085-exec-7] INFO  c.s.l.controller.HomeController - READ operation successful: Retrieved 4 laptops
2025-11-14 14:30:47.730 [http-nio-8085-exec-2] INFO  c.s.l.controller.HomeController - READ operation: Fetching all laptops from database
2025-11-14 14:30:47.749 [http-nio-8085-exec-2] INFO  c.s.l.controller.HomeController - READ operation successful: Retrieved 4 laptops
2025-11-14 14:30:52.719 [http-nio-8085-exec-7] INFO  c.s.l.controller.CartController - CART operation: Added laptop id 2 qty 1 to cart (sessionId=8E203AC0503AE4E8A7AE20A10C55FB3F)
2025-11-14 14:30:52.729 [http-nio-8085-exec-3] INFO  c.s.l.controller.HomeController - READ operation: Fetching all laptops from database
2025-11-14 14:30:52.731 [http-nio-8085-exec-3] INFO  c.s.l.controller.HomeController - READ operation successful: Retrieved 4 laptops
2025-11-14 14:30:54.324 [http-nio-8085-exec-4] INFO  c.s.l.controller.CartController - CART operation: Added laptop id 3 qty 1 to cart (sessionId=8E203AC0503AE4E8A7AE20A10C55FB3F)
2025-11-14 14:30:54.330 [http-nio-8085-exec-8] INFO  c.s.l.controller.HomeController - READ operation: Fetching all laptops from database
2025-11-14 14:30:54.334 [http-nio-8085-exec-8] INFO  c.s.l.controller.HomeController - READ operation successful: Retrieved 4 laptops
2025-11-14 14:37:07.120 [http-nio-8085-exec-5] INFO  c.s.l.controller.CartController - CART operation: Removed laptop id 2 from cart (sessionId=8E203AC0503AE4E8A7AE20A10C55FB3F)
2025-11-14 14:37:08.319 [http-nio-8085-exec-6] INFO  c.s.l.controller.CartController - CART operation: Removed laptop id 3 from cart (sessionId=8E203AC0503AE4E8A7AE20A10C55FB3F)
2025-11-14 14:37:10.054 [http-nio-8085-exec-2] INFO  c.s.l.controller.HomeController - READ operation: Fetching all laptops from database
2025-11-14 14:37:10.058 [http-nio-8085-exec-2] INFO  c.s.l.controller.HomeController - READ operation successful: Retrieved 4 laptops
2025-11-14 14:41:41.379 [http-nio-8085-exec-1] INFO  c.s.l.controller.HomeController - READ operation: Fetching all laptops from database
2025-11-14 14:41:41.423 [http-nio-8085-exec-1] INFO  c.s.l.controller.HomeController - READ operation successful: Retrieved 4 laptops
2025-11-14 14:41:55.416 [http-nio-8085-exec-4] INFO  c.s.l.controller.HomeController - READ operation: Fetching all laptops from database
2025-11-14 14:41:55.420 [http-nio-8085-exec-4] INFO  c.s.l.controller.HomeController - READ operation successful: Retrieved 4 laptops
2025-11-14 14:42:17.833 [http-nio-8085-exec-10] INFO  c.s.l.controller.HomeController - READ operation: Fetching all laptops from database
2025-11-14 14:42:17.835 [http-nio-8085-exec-10] INFO  c.s.l.controller.HomeController - READ operation successful: Retrieved 4 laptops
2025-11-14 14:45:37.715 [http-nio-8085-exec-10] INFO  c.s.l.controller.AuthController - USER_REGISTRATION: New user registered: username='admin', email='yasas@gmail.com'
2025-11-14 14:45:51.079 [http-nio-8085-exec-4] INFO  c.s.l.controller.AuthController - USER_LOGIN: User 'admin' logged in successfully
2025-11-14 14:45:51.085 [http-nio-8085-exec-1] INFO  c.s.l.controller.HomeController - READ operation: Fetching all laptops from database
2025-11-14 14:45:51.088 [http-nio-8085-exec-1] INFO  c.s.l.controller.HomeController - READ operation successful: Retrieved 4 laptops
2025-11-14 14:45:59.240 [http-nio-8085-exec-9] INFO  c.s.l.controller.AuthController - USER_LOGOUT: User 'admin' logged out
2025-11-14 14:45:59.246 [http-nio-8085-exec-10] INFO  c.s.l.controller.HomeController - READ operation: Fetching all laptops from database
2025-11-14 14:45:59.250 [http-nio-8085-exec-10] INFO  c.s.l.controller.HomeController - READ operation successful: Retrieved 4 laptops
2025-11-14 14:47:59.722 [http-nio-8085-exec-8] INFO  c.s.l.controller.HomeController - READ operation: Fetching all laptops from database
2025-11-14 14:47:59.725 [http-nio-8085-exec-8] INFO  c.s.l.controller.HomeController - READ operation successful: Retrieved 5 laptops
2025-11-14 14:48:34.901 [http-nio-8085-exec-4] INFO  c.s.l.controller.HomeController - READ operation: Fetching all laptops from database
2025-11-14 14:48:34.904 [http-nio-8085-exec-4] INFO  c.s.l.controller.HomeController - READ operation successful: Retrieved 5 laptops
2025-11-14 14:55:04.117 [http-nio-8085-exec-8] INFO  c.s.l.controller.HomeController - READ operation: Fetching all laptops from database
2025-11-14 14:55:04.123 [http-nio-8085-exec-8] INFO  c.s.l.controller.HomeController - READ operation successful: Retrieved 5 laptops
2025-11-14 15:09:53.357 [http-nio-8085-exec-1] INFO  c.s.l.controller.HomeController - READ operation: Fetching all laptops from database
2025-11-14 15:09:53.382 [http-nio-8085-exec-1] INFO  c.s.l.controller.HomeController - READ operation successful: Retrieved 4 laptops
2025-11-14 15:10:03.086 [http-nio-8085-exec-10] INFO  c.s.l.controller.CartController - CART operation: Added laptop id 1 qty 1 to cart (sessionId=4D899ECBF1E9A346B10ACF817155090E)
2025-11-14 15:10:03.098 [http-nio-8085-exec-6] INFO  c.s.l.controller.HomeController - READ operation: Fetching all laptops from database
2025-11-14 15:10:03.100 [http-nio-8085-exec-6] INFO  c.s.l.controller.HomeController - READ operation successful: Retrieved 4 laptops
2025-11-14 15:10:05.891 [http-nio-8085-exec-4] INFO  c.s.l.controller.CartController - CART operation: Added laptop id 2 qty 1 to cart (sessionId=4D899ECBF1E9A346B10ACF817155090E)
2025-11-14 15:10:05.899 [http-nio-8085-exec-3] INFO  c.s.l.controller.HomeController - READ operation: Fetching all laptops from database
2025-11-14 15:10:05.902 [http-nio-8085-exec-3] INFO  c.s.l.controller.HomeController - READ operation successful: Retrieved 4 laptops
2025-11-14 15:10:35.215 [http-nio-8085-exec-10] INFO  c.s.l.controller.CartController - CHECKOUT persisted order id=1 items=2 total=2198.0 (sessionId=4D899ECBF1E9A346B10ACF817155090E)
2025-11-14 15:10:35.222 [http-nio-8085-exec-6] INFO  c.s.l.controller.HomeController - READ operation: Fetching all laptops from database
2025-11-14 15:10:35.224 [http-nio-8085-exec-6] INFO  c.s.l.controller.HomeController - READ operation successful: Retrieved 4 laptops
2025-11-14 15:10:55.850 [http-nio-8085-exec-6] INFO  c.s.l.controller.HomeController - READ operation: Fetching all laptops from database
2025-11-14 15:10:55.853 [http-nio-8085-exec-6] INFO  c.s.l.controller.HomeController - READ operation successful: Retrieved 4 laptops
2025-11-14 15:11:15.702 [http-nio-8085-exec-10] INFO  c.s.l.controller.HomeController - READ operation: Fetching all laptops from database
2025-11-14 15:11:15.705 [http-nio-8085-exec-10] INFO  c.s.l.controller.HomeController - READ operation successful: Retrieved 4 laptops
2025-11-14 15:15:48.584 [http-nio-8085-exec-1] INFO  c.s.l.controller.HomeController - READ operation: Fetching all laptops from database
2025-11-14 15:15:48.605 [http-nio-8085-exec-1] INFO  c.s.l.controller.HomeController - READ operation successful: Retrieved 4 laptops
2025-11-14 15:15:54.991 [http-nio-8085-exec-2] INFO  c.s.l.controller.CartController - CART operation: Added laptop id 1 qty 1 to cart (sessionId=27531A1B9FFC21391CF0B464DF6B615D)
2025-11-14 15:15:55.002 [http-nio-8085-exec-8] INFO  c.s.l.controller.HomeController - READ operation: Fetching all laptops from database
2025-11-14 15:15:55.004 [http-nio-8085-exec-8] INFO  c.s.l.controller.HomeController - READ operation successful: Retrieved 4 laptops
2025-11-14 15:15:56.141 [http-nio-8085-exec-4] INFO  c.s.l.controller.CartController - CART operation: Added laptop id 2 qty 1 to cart (sessionId=27531A1B9FFC21391CF0B464DF6B615D)
2025-11-14 15:15:56.150 [http-nio-8085-exec-5] INFO  c.s.l.controller.HomeController - READ operation: Fetching all laptops from database
2025-11-14 15:15:56.153 [http-nio-8085-exec-5] INFO  c.s.l.controller.HomeController - READ operation successful: Retrieved 4 laptops
2025-11-14 15:16:23.880 [http-nio-8085-exec-10] INFO  c.s.l.controller.HomeController - READ operation: Fetching all laptops from database
2025-11-14 15:16:23.882 [http-nio-8085-exec-10] INFO  c.s.l.controller.HomeController - READ operation successful: Retrieved 4 laptops
2025-11-14 15:16:50.285 [http-nio-8085-exec-6] INFO  c.s.l.controller.AuthController - USER_REGISTRATION: New user registered: username='yasas', email='yasas@gmail.com'
2025-11-14 15:17:05.548 [http-nio-8085-exec-1] INFO  c.s.l.controller.HomeController - READ operation: Fetching all laptops from database
2025-11-14 15:17:05.551 [http-nio-8085-exec-1] INFO  c.s.l.controller.HomeController - READ operation successful: Retrieved 4 laptops
2025-11-14 15:17:30.757 [http-nio-8085-exec-2] INFO  c.s.l.controller.AuthController - USER_REGISTRATION: New user registered: username='admin', email='admin@gmail.com'
2025-11-14 15:17:38.236 [http-nio-8085-exec-10] INFO  c.s.l.controller.AuthController - USER_LOGIN: User 'admin' logged in successfully
2025-11-14 15:17:38.254 [http-nio-8085-exec-1] INFO  c.s.l.controller.HomeController - READ operation: Fetching all laptops from database
2025-11-14 15:17:38.256 [http-nio-8085-exec-1] INFO  c.s.l.controller.HomeController - READ operation successful: Retrieved 4 laptops
2025-11-14 15:18:14.012 [http-nio-8085-exec-9] INFO  c.s.l.controller.CartController - CHECKOUT persisted order id=1 items=2 total=2198.0 (sessionId=27531A1B9FFC21391CF0B464DF6B615D)
2025-11-14 15:18:14.019 [http-nio-8085-exec-3] INFO  c.s.l.controller.HomeController - READ operation: Fetching all laptops from database
2025-11-14 15:18:14.021 [http-nio-8085-exec-3] INFO  c.s.l.controller.HomeController - READ operation successful: Retrieved 4 laptops
2025-11-14 15:18:31.875 [http-nio-8085-exec-3] INFO  c.s.l.controller.HomeController - READ operation: Fetching all laptops from database
2025-11-14 15:18:31.878 [http-nio-8085-exec-3] INFO  c.s.l.controller.HomeController - READ operation successful: Retrieved 4 laptops
